<?xml version="1.0" encoding="UTF-8"?>
<!-- Generated by org.testng.reporters.JUnitXMLReporter -->
<testsuite ignored="1" hostname="LAPTOP-BA3R60V7" failures="1" tests="1" name="Default test(failed)" time="27.426" errors="0" timestamp="2026-04-08T15:29:54 IST">
  <testcase classname="Practice_Listeners.SampleInvoiceTest_Listener" name="createInvoiceTest" time="5.835">
    <failure type="junit.framework.ComparisonFailure" message="expected:&amp;lt;[Administrator - Home - vtiger CRM 5 - Commercial Open Source CRM]&amp;gt; but was:&amp;lt;[Login]&amp;gt;">
      <![CDATA[junit.framework.ComparisonFailure: expected:<[Administrator - Home - vtiger CRM 5 - Commercial Open Source CRM]> but was:<[Login]>
at junit.framework.Assert.assertEquals(Assert.java:85)
at junit.framework.Assert.assertEquals(Assert.java:91)
at Practice_Listeners.SampleInvoiceTest_Listener.createInvoiceTest(SampleInvoiceTest_Listener.java:16)
at java.base/java.util.ArrayList.forEach(ArrayList.java:1596)
... Removed 25 stack frames]]>
    </failure>
  </testcase> <!-- createInvoiceTest -->
  <testcase classname="Practice_Listeners.SampleInvoiceTest_Listener" name="createInvoiceWithContactTest" time="0.0">
    <ignored/>
  </testcase> <!-- createInvoiceWithContactTest -->
</testsuite> <!-- Default test(failed) -->
