<?xml version="1.0" encoding="UTF-8"?>
<!-- Generated by org.testng.reporters.JUnitXMLReporter -->
<testsuite ignored="0" hostname="LAPTOP-BA3R60V7" failures="0" tests="3" name="Default test" time="234.826" errors="0" timestamp="2026-04-13T11:23:33 IST">
  <testcase classname="LeadTest" name="ConvertLeadTest" time="109.274"/>
  <testcase classname="LeadTest" name="CreateLeadWithPhoneNumberTest" time="32.859"/>
  <testcase classname="LeadTest" name="createLeadTest" time="28.423"/>
</testsuite> <!-- Default test -->
