<?xml version="1.0" encoding="UTF-8"?>
<!-- Generated by org.testng.reporters.JUnitXMLReporter -->
<testsuite ignored="0" hostname="LAPTOP-BA3R60V7" failures="0" tests="2" name="Test3" time="9.224" errors="0" timestamp="2026-04-09T07:20:11 IST">
  <testcase classname="com.Vtiger.crm.ContactTest_BASE.BaseContactTest" name="createContactTest" time="0.0">
    <skipped/>
  </testcase> <!-- createContactTest -->
  <testcase classname="com.Vtiger.crm.ContactTest_BASE.BaseContactTest" name="createContactWithSupportDate" time="0.001">
    <skipped/>
  </testcase> <!-- createContactWithSupportDate -->
</testsuite> <!-- Test3 -->
