<?xml version="1.0" encoding="UTF-8"?>
<testng-results ignored="0" total="3" passed="3" failed="0" skipped="0">
  <reporter-output>
  </reporter-output>
  <suite started-at="2026-04-13T11:19:38 IST" name="Default suite" finished-at="2026-04-13T11:23:33 IST" duration-ms="234826">
    <groups>
    </groups>
    <test started-at="2026-04-13T11:19:38 IST" name="Default test" finished-at="2026-04-13T11:23:33 IST" duration-ms="234826">
      <class name="LeadTest">
        <test-method is-config="true" signature="configBS()[pri:0, instance:LeadTest@5dda768f]" started-at="2026-04-13T11:19:38 IST" name="configBS" finished-at="2026-04-13T11:19:38 IST" duration-ms="24" status="PASS">
          <reporter-output>
          </reporter-output>
        </test-method> <!-- configBS -->
        <test-method is-config="true" signature="configBC()[pri:0, instance:LeadTest@5dda768f]" started-at="2026-04-13T11:19:38 IST" name="configBC" finished-at="2026-04-13T11:19:56 IST" duration-ms="17713" status="PASS">
          <reporter-output>
          </reporter-output>
        </test-method> <!-- configBC -->
        <test-method is-config="true" signature="configBM()[pri:0, instance:LeadTest@5dda768f]" started-at="2026-04-13T11:19:56 IST" name="configBM" finished-at="2026-04-13T11:20:14 IST" duration-ms="18216" status="PASS">
          <reporter-output>
          </reporter-output>
        </test-method> <!-- configBM -->
        <test-method signature="ConvertLeadTest()[pri:0, instance:LeadTest@5dda768f]" started-at="2026-04-13T11:20:14 IST" name="ConvertLeadTest" finished-at="2026-04-13T11:22:04 IST" duration-ms="109274" status="PASS">
          <reporter-output>
          </reporter-output>
        </test-method> <!-- ConvertLeadTest -->
        <test-method is-config="true" signature="configAM()[pri:0, instance:LeadTest@5dda768f]" started-at="2026-04-13T11:22:04 IST" name="configAM" finished-at="2026-04-13T11:22:10 IST" duration-ms="6092" status="PASS">
          <reporter-output>
          </reporter-output>
        </test-method> <!-- configAM -->
        <test-method is-config="true" signature="configBM()[pri:0, instance:LeadTest@5dda768f]" started-at="2026-04-13T11:22:10 IST" name="configBM" finished-at="2026-04-13T11:22:11 IST" duration-ms="1639" status="PASS">
          <reporter-output>
          </reporter-output>
        </test-method> <!-- configBM -->
        <test-method signature="CreateLeadWithPhoneNumberTest()[pri:0, instance:LeadTest@5dda768f]" started-at="2026-04-13T11:22:11 IST" name="CreateLeadWithPhoneNumberTest" finished-at="2026-04-13T11:22:44 IST" duration-ms="32859" status="PASS">
          <reporter-output>
          </reporter-output>
        </test-method> <!-- CreateLeadWithPhoneNumberTest -->
        <test-method is-config="true" signature="configAM()[pri:0, instance:LeadTest@5dda768f]" started-at="2026-04-13T11:22:44 IST" name="configAM" finished-at="2026-04-13T11:22:47 IST" duration-ms="2696" status="PASS">
          <reporter-output>
          </reporter-output>
        </test-method> <!-- configAM -->
        <test-method is-config="true" signature="configBM()[pri:0, instance:LeadTest@5dda768f]" started-at="2026-04-13T11:22:47 IST" name="configBM" finished-at="2026-04-13T11:22:55 IST" duration-ms="8336" status="PASS">
          <reporter-output>
          </reporter-output>
        </test-method> <!-- configBM -->
        <test-method signature="createLeadTest()[pri:0, instance:LeadTest@5dda768f]" started-at="2026-04-13T11:22:55 IST" name="createLeadTest" finished-at="2026-04-13T11:23:24 IST" duration-ms="28423" status="PASS">
          <reporter-output>
          </reporter-output>
        </test-method> <!-- createLeadTest -->
        <test-method is-config="true" signature="configAM()[pri:0, instance:LeadTest@5dda768f]" started-at="2026-04-13T11:23:24 IST" name="configAM" finished-at="2026-04-13T11:23:29 IST" duration-ms="5626" status="PASS">
          <reporter-output>
          </reporter-output>
        </test-method> <!-- configAM -->
        <test-method is-config="true" signature="configAC()[pri:0, instance:LeadTest@5dda768f]" started-at="2026-04-13T11:23:29 IST" name="configAC" finished-at="2026-04-13T11:23:33 IST" duration-ms="3489" status="PASS">
          <reporter-output>
          </reporter-output>
        </test-method> <!-- configAC -->
        <test-method is-config="true" signature="configSuite()[pri:0, instance:LeadTest@5dda768f]" started-at="2026-04-13T11:23:33 IST" name="configSuite" finished-at="2026-04-13T11:23:33 IST" duration-ms="3" status="PASS">
          <reporter-output>
          </reporter-output>
        </test-method> <!-- configSuite -->
      </class> <!-- LeadTest -->
    </test> <!-- Default test -->
  </suite> <!-- Default suite -->
</testng-results>
