<?xml version="1.0" encoding="UTF-8"?>
<!-- Generated by org.testng.reporters.JUnitReportReporter -->
<testsuite hostname="LAPTOP-BA3R60V7" failures="0" tests="2" name="practice.testNG.OrderTest_invocationCount" time="0.049" errors="0" timestamp="2026-04-06T12:47:06 IST" skipped="1">
  <testcase classname="practice.testNG.OrderTest_invocationCount" name="createOrderTest" time="0.049"/>
  <testcase classname="practice.testNG.OrderTest_invocationCount" name="billingAnOrderTest">
    <skipped/>
  </testcase> <!-- billingAnOrderTest -->
</testsuite> <!-- practice.testNG.OrderTest_invocationCount -->
