<?xml version="1.0" encoding="UTF-8"?>
<!-- Generated by org.testng.reporters.JUnitReportReporter -->
<testsuite hostname="LAPTOP-BA3R60V7" failures="0" tests="2" name="practice_Annotations.CreateContactTest" time="0.226" errors="0" timestamp="2026-04-06T19:02:49 IST" skipped="0">
  <testcase classname="practice_Annotations.CreateContactTest" name="createContactWithDate" time="0.022"/>
  <testcase classname="practice_Annotations.CreateContactTest" name="createContactTest" time="0.204"/>
</testsuite> <!-- practice_Annotations.CreateContactTest -->
