<?xml version="1.0" encoding="UTF-8"?>
<!-- Generated by org.testng.reporters.JUnitReportReporter -->
<testsuite hostname="LAPTOP-BA3R60V7" failures="0" tests="2" name="com.Vtiger.crm.ContactTest_BASE.BaseCreateContactTest" time="92.501" errors="0" timestamp="2026-04-08T16:08:15 IST" skipped="0">
  <testcase classname="com.Vtiger.crm.ContactTest_BASE.BaseCreateContactTest" name="createContactTest" time="51.011"/>
  <testcase classname="com.Vtiger.crm.ContactTest_BASE.BaseCreateContactTest" name="createContactWithSupportDate" time="41.490"/>
</testsuite> <!-- com.Vtiger.crm.ContactTest_BASE.BaseCreateContactTest -->
