<?xml version="1.0" encoding="UTF-8"?>
<!-- Generated by org.testng.reporters.JUnitReportReporter -->
<testsuite hostname="LAPTOP-BA3R60V7" failures="0" tests="3" name="LeadTest" time="213.161" errors="0" timestamp="2026-04-13T11:23:35 IST" skipped="0">
  <testcase classname="LeadTest" name="createLeadTest" time="52.731"/>
  <testcase classname="LeadTest" name="CreateLeadWithPhoneNumberTest" time="37.194"/>
  <testcase classname="LeadTest" name="ConvertLeadTest" time="123.236"/>
</testsuite> <!-- LeadTest -->
