<?xml version="1.0" encoding="UTF-8"?>
<!-- Generated by org.testng.reporters.JUnitReportReporter -->
<testsuite hostname="LAPTOP-BA3R60V7" failures="0" tests="3" name="practice.testNG.CreateContactTest_DataProvider" time="0.103" errors="0" timestamp="2026-04-06T13:28:19 IST" skipped="0">
  <testcase classname="practice.testNG.CreateContactTest_DataProvider" name="createContactTest" time="0.013"/>
  <testcase classname="practice.testNG.CreateContactTest_DataProvider" name="createContactTest" time="0.006"/>
  <testcase classname="practice.testNG.CreateContactTest_DataProvider" name="createContactTest" time="0.084"/>
</testsuite> <!-- practice.testNG.CreateContactTest_DataProvider -->
