<?xml version="1.0" encoding="UTF-8"?>
<!-- Generated by org.testng.reporters.JUnitReportReporter -->
<testsuite hostname="LAPTOP-BA3R60V7" failures="0" tests="3" name="practice.testNG.OrderTest" time="0.070" errors="0" timestamp="2026-04-06T12:31:34 IST" skipped="0">
  <testcase classname="practice.testNG.OrderTest" name="modifyContactTest" time="0.009"/>
  <testcase classname="practice.testNG.OrderTest" name="deleteContactTest" time="0.011"/>
  <testcase classname="practice.testNG.OrderTest" name="createContactTest" time="0.050"/>
</testsuite> <!-- practice.testNG.OrderTest -->
