<?xml version="1.0" encoding="UTF-8"?>
<!-- Generated by org.testng.reporters.JUnitReportReporter -->
<testsuite hostname="LAPTOP-BA3R60V7" failures="0" tests="2" name="practice.testNG.CreateContactTest" time="0.062" errors="0" timestamp="2026-04-06T10:18:33 IST" skipped="0">
  <testcase classname="practice.testNG.CreateContactTest" name="createContactTest" time="0.054"/>
  <testcase classname="practice.testNG.CreateContactTest" name="createContactWithMobileNumber" time="0.008"/>
</testsuite> <!-- practice.testNG.CreateContactTest -->
