<?xml version="1.0" encoding="UTF-8"?>
<!-- Generated by org.testng.reporters.JUnitReportReporter -->
<testsuite hostname="LAPTOP-BA3R60V7" failures="0" tests="2" name="Baseclass_Tests.CreateOrgTest_BASE" time="0.018" errors="0" timestamp="2026-04-06T19:22:17 IST" skipped="0">
  <testcase classname="Baseclass_Tests.CreateOrgTest_BASE" name="createOrgWithIndustry" time="0.007"/>
  <testcase classname="Baseclass_Tests.CreateOrgTest_BASE" name="createContactWithDate" time="0.011"/>
</testsuite> <!-- Baseclass_Tests.CreateOrgTest_BASE -->
