<?xml version="1.0" encoding="UTF-8"?>
<!-- Generated by org.testng.reporters.JUnitReportReporter -->
<testsuite hostname="LAPTOP-BA3R60V7" failures="0" tests="2" name="practice.testNG.SampleTest" time="0.040" errors="0" timestamp="2026-04-06T09:39:12 IST" skipped="0">
  <testcase classname="practice.testNG.SampleTest" name="createContactTest" time="0.031"/>
  <testcase classname="practice.testNG.SampleTest" name="createContactWithMobileNumberTest" time="0.009"/>
</testsuite> <!-- practice.testNG.SampleTest -->
