<?xml version="1.0" encoding="UTF-8"?>
<!-- Generated by org.testng.reporters.JUnitReportReporter -->
<testsuite hostname="LAPTOP-BA3R60V7" failures="0" tests="2" name="Baseclass_Tests.CreateContactTest" time="0.228" errors="0" timestamp="2026-04-06T19:22:17 IST" skipped="0">
  <testcase classname="Baseclass_Tests.CreateContactTest" name="createContactTest" time="0.179"/>
  <testcase classname="Baseclass_Tests.CreateContactTest" name="createContactWithDate" time="0.049"/>
</testsuite> <!-- Baseclass_Tests.CreateContactTest -->
